1, 0
0.000
2, 0
0.000
3, 0
0.000
4, 0
0.000
5, 0
0.002
6, 0
0.006
7, 0
0.020
8, 0
0.062
9, 0
0.163
10, 0
0.530
1, 1.00
0.535
1, 0.70
0.576
1, 0.50
0.141
1, 0.30
0.129
1, 0.10
0.132
2, 1.00
11.228
2, 0.70
2.518
2, 0.50
3.527
2, 0.30
5.716
2, 0.10
1.782
3, 1.00
3.764
3, 0.70
6.022
3, 0.50
7.582
3, 0.30
3.872
3, 0.10
5.393
4, 1.00
6.645
4, 0.70
8.258
4, 0.50
3.363
4, 0.30
5.806
4, 0.10
5.643
5, 1.00
5.931
5, 0.70
8.924
5, 0.50
7.977
5, 0.30
5.833
5, 0.10
4.890
6, 1.00
5.920
6, 0.70
8.742
6, 0.50
4.660
6, 0.30
5.009
6, 0.10
6.578
7, 1.00
8.780
7, 0.70
8.354
7, 0.50
8.281
7, 0.30
3.664
7, 0.10
4.082
8, 1.00
7.693
8, 0.70
6.187
8, 0.50
4.396
8, 0.30
6.894
8, 0.10
2.019
9, 1.00
7.063
9, 0.70
5.213
9, 0.50
4.644
9, 0.30
2.494
9, 0.10
0.177
10, 1.00
0.639
10, 0.70
0.572
10, 0.50
0.576
10, 0.30
0.518
10, 0.10
0.513
