1, 0
0.000
2, 0
0.000
3, 0
0.000
4, 0
0.000
5, 0
0.002
6, 0
0.007
7, 0
0.020
8, 0
0.057
9, 0
0.159
10, 0
0.591
1, 1.00
0.756
1, 0.70
0.626
1, 0.50
0.002
1, 0.30
0.002
1, 0.10
0.002
2, 1.00
0.622
2, 0.70
0.558
2, 0.50
0.014
2, 0.30
0.015
2, 0.10
0.014
3, 1.00
0.569
3, 0.70
0.625
3, 0.50
0.525
3, 0.30
0.035
3, 0.10
0.034
4, 1.00
0.526
4, 0.70
0.607
4, 0.50
0.599
4, 0.30
0.053
4, 0.10
0.056
5, 1.00
0.645
5, 0.70
0.623
5, 0.50
0.607
5, 0.30
0.078
5, 0.10
0.077
6, 1.00
0.580
6, 0.70
0.552
6, 0.50
0.565
6, 0.30
0.094
6, 0.10
0.104
7, 1.00
0.595
7, 0.70
0.572
7, 0.50
0.538
7, 0.30
0.116
7, 0.10
0.129
8, 1.00
0.556
8, 0.70
0.609
8, 0.50
0.594
8, 0.30
0.608
8, 0.10
0.142
9, 1.00
0.635
9, 0.70
0.587
9, 0.50
0.566
9, 0.30
0.580
9, 0.10
0.164
10, 1.00
0.567
10, 0.70
0.619
10, 0.50
0.570
10, 0.30
0.539
10, 0.10
0.589
